[I 2026-08-25 10:02:49,923] Trial 32 finished with value: 0.5046481440338291 and parameters: {'n_estimators': 969, 'max_depth': 10, 'min_samples_leaf': 0.1345363549117237, 'lookback_seasons': 4}. Best is trial 12 with value: 0.508213913391142.

Best trial: 12. Best value: 0.508214:  66%|######6   | 33/50 [11:47<03:54, 13.77s/it]
Best trial: 12. Best value: 0.508214:  66%|######6   | 33/50 [11:47<03:54, 13.77s/it]
Best trial: 12. Best value: 0.508214:  68%|######8   | 34/50 [11:47<03:04, 11.56s/it]
                                                                                     

Best trial: 12. Best value: 0.508214:  68%|######8   | 34/50 [12:02<03:04, 11.56s/it]
Best trial: 12. Best value: 0.508214:  68%|######8   | 34/50 [12:02<03:04, 11.56s/it]
Best trial: 12. Best value: 0.508214:  70%|#######   | 35/50 [12:02<03:08, 12.55s/it]
                                                                                     

Best trial: 12. Best value: 0.508214:  70%|#######   | 35/50 [15:02<03:08, 12.55s/it]
Best trial: 12. Best value: 0.508214:  70%|#######   | 35/50 [15:02<03:08, 12.55s/it]
Best trial: 12. Best value: 0.508214:  72%|#######2  | 36/50 [15:02<14:38, 62.73s/it]
                                                                                     

Best trial: 12. Best value: 0.508214:  72%|#######2  | 36/50 [15:08<14:38, 62.73s/it]
Best trial: 12. Best value: 0.508214:  72%|#######2  | 36/50 [15:08<14:38, 62.73s/it]
Best trial: 12. Best value: 0.508214:  74%|#######4  | 37/50 [15:08<09:55, 45.79s/it]
                                                                                     

Best trial: 12. Best value: 0.508214:  74%|#######4  | 37/50 [16:15<09:55, 45.79s/it]
Best trial: 12. Best value: 0.508214:  74%|#######4  | 37/50 [16:15<09:55, 45.79s/it]
Best trial: 12. Best value: 0.508214:  76%|#######6  | 38/50 [16:15<10:27, 52.27s/it]
                                                                                     

Best trial: 12. Best value: 0.508214:  76%|#######6  | 38/50 [16:19<10:27, 52.27s/it]
Best trial: 40. Best value: 0.508945:  76%|#######6  | 38/50 [16:19<10:27, 52.27s/it]
Best trial: 40. Best value: 0.508945:  78%|#######8  | 39/50 [16:19<06:53, 37.63s/it]
                                                                                     

Best trial: 40. Best value: 0.508945:  78%|#######8  | 39/50 [16:30<06:53, 37.63s/it]
Best trial: 40. Best value: 0.508945:  78%|#######8  | 39/50 [16:30<06:53, 37.63s/it]
Best trial: 40. Best value: 0.508945:  80%|########  | 40/50 [16:30<04:58, 29.88s/it]
                                                                                     

Best trial: 40. Best value: 0.508945:  80%|########  | 40/50 [16:36<04:58, 29.88s/it]
Best trial: 40. Best value: 0.508945:  80%|########  | 40/50 [16:36<04:58, 29.88s/it]
Best trial: 40. Best value: 0.508945:  82%|########2 | 41/50 [16:36<03:22, 22.55s/it]
                                                                                     

Best trial: 40. Best value: 0.508945:  82%|########2 | 41/50 [16:36<03:22, 22.55s/it]
Best trial: 40. Best value: 0.508945:  82%|########2 | 41/50 [16:36<03:22, 22.55s/it]
                                                                                     

Best trial: 40. Best value: 0.508945:  84%|########4 | 42/50 [16:42<03:00, 22.55s/it]
Best trial: 40. Best value: 0.508945:  84%|########4 | 42/50 [16:42<03:00, 22.55s/it]
Best trial: 40. Best value: 0.508945:  86%|########6 | 43/50 [16:42<01:34, 13.54s/it]
                                                                                     

Best trial: 40. Best value: 0.508945:  86%|########6 | 43/50 [16:50<01:34, 13.54s/it]
Best trial: 40. Best value: 0.508945:  86%|########6 | 43/50 [16:50<01:34, 13.54s/it]
Best trial: 40. Best value: 0.508945:  88%|########8 | 44/50 [16:50<01:12, 12.08s/it]
                                                                                     

Best trial: 40. Best value: 0.508945:  88%|########8 | 44/50 [16:53<01:12, 12.08s/it]
Best trial: 40. Best value: 0.508945:  88%|########8 | 44/50 [16:53<01:12, 12.08s/it]
Best trial: 40. Best value: 0.508945:  90%|######### | 45/50 [16:53<00:48,  9.75s/it]
                                                                                     

Best trial: 40. Best value: 0.508945:  90%|######### | 45/50 [16:53<00:48,  9.75s/it]
Best trial: 40. Best value: 0.508945:  90%|######### | 45/50 [16:53<00:48,  9.75s/it]
                                                                                     

Best trial: 40. Best value: 0.508945:  92%|#########2| 46/50 [16:55<00:38,  9.75s/it]
Best trial: 40. Best value: 0.508945:  92%|#########2| 46/50 [16:55<00:38,  9.75s/it]
Best trial: 40. Best value: 0.508945:  94%|#########3| 47/50 [16:55<00:17,  5.97s/it]
                                                                                     

Best trial: 40. Best value: 0.508945:  94%|#########3| 47/50 [16:55<00:17,  5.97s/it]
Best trial: 40. Best value: 0.508945:  94%|#########3| 47/50 [16:55<00:17,  5.97s/it]
Best trial: 40. Best value: 0.508945:  96%|#########6| 48/50 [16:55<00:09,  4.63s/it]
                                                                                     

Best trial: 40. Best value: 0.508945:  96%|#########6| 48/50 [16:55<00:09,  4.63s/it]
Best trial: 40. Best value: 0.508945:  96%|#########6| 48/50 [16:55<00:09,  4.63s/it]
                                                                                     

Best trial: 40. Best value: 0.508945:  98%|#########8| 49/50 [17:05<00:04,  4.63s/it]
Best trial: 40. Best value: 0.508945:  98%|#########8| 49/50 [17:05<00:04,  4.63s/it]
Best trial: 40. Best value: 0.508945: 100%|##########| 50/50 [17:05<00:00,  4.71s/it]
Best trial: 40. Best value: 0.508945: 100%|##########| 50/50 [17:05<00:00, 20.50s/it]
[I 2026-08-25 10:09:24,254] A new study created in memory with name: no-name-154fd013-6665-4658-a588-ae3143d63f3c
[I 2026-08-25 10:02:56,250] Trial 33 finished with value: 0.5051841263262968 and parameters: {'n_estimators': 966, 'max_depth': 10, 'min_samples_leaf': 0.1396747737872176, 'lookback_seasons': 4}. Best is trial 12 with value: 0.508213913391142.
[I 2026-08-25 10:03:11,041] Trial 34 finished with value: 0.5059949802637895 and parameters: {'n_estimators': 995, 'max_depth': 10, 'min_samples_leaf': 0.14459978973477802, 'lookback_seasons': 4}. Best is trial 12 with value: 0.508213913391142.
[I 2026-08-25 10:06:10,985] Trial 35 finished with value: 0.5052350381373384 and parameters: {'n_estimators': 972, 'max_depth': 10, 'min_samples_leaf': 0.14586197699228398, 'lookback_seasons': 4}. Best is trial 12 with value: 0.508213913391142.
[I 2026-08-25 10:06:17,099] Trial 36 finished with value: 0.5066613072008763 and parameters: {'n_estimators': 972, 'max_depth': 10, 'min_samples_leaf': 0.14487185943963843, 'lookback_seasons': 4}. Best is trial 12 with value: 0.508213913391142.
[I 2026-08-25 10:07:24,613] Trial 39 finished with value: 0.5000602402944038 and parameters: {'n_estimators': 754, 'max_depth': 10, 'min_samples_leaf': 0.1558178172625899, 'lookback_seasons': 4}. Best is trial 12 with value: 0.508213913391142.
[I 2026-08-25 10:07:28,126] Trial 40 finished with value: 0.5089454672901769 and parameters: {'n_estimators': 732, 'max_depth': 7, 'min_samples_leaf': 0.18483503864185757, 'lookback_seasons': 4}. Best is trial 40 with value: 0.5089454672901769.
[I 2026-08-25 10:07:39,915] Trial 44 finished with value: 0.503594316261194 and parameters: {'n_estimators': 745, 'max_depth': 7, 'min_samples_leaf': 0.1197545954244088, 'lookback_seasons': 4}. Best is trial 40 with value: 0.5089454672901769.
[I 2026-08-25 10:07:45,289] Trial 42 finished with value: 0.5061613009350747 and parameters: {'n_estimators': 807, 'max_depth': 7, 'min_samples_leaf': 0.12073861531556652, 'lookback_seasons': 4}. Best is trial 40 with value: 0.5089454672901769.
[I 2026-08-25 10:07:45,321] Trial 43 finished with value: 0.5056026774637875 and parameters: {'n_estimators': 810, 'max_depth': 7, 'min_samples_leaf': 0.12441344387396845, 'lookback_seasons': 4}. Best is trial 40 with value: 0.5089454672901769.
[I 2026-08-25 10:07:51,396] Trial 45 finished with value: 0.5015472669852683 and parameters: {'n_estimators': 807, 'max_depth': 9, 'min_samples_leaf': 0.11903397859574674, 'lookback_seasons': 4}. Best is trial 40 with value: 0.5089454672901769.
[I 2026-08-25 10:07:59,028] Trial 37 finished with value: 0.5034842869305327 and parameters: {'n_estimators': 954, 'max_depth': 7, 'min_samples_leaf': 0.14797618774511698, 'lookback_seasons': 4}. Best is trial 40 with value: 0.5089454672901769.
[I 2026-08-25 10:08:02,216] Trial 38 finished with value: 0.4997815359225976 and parameters: {'n_estimators': 995, 'max_depth': 10, 'min_samples_leaf': 0.1539608146881727, 'lookback_seasons': 4}. Best is trial 40 with value: 0.5089454672901769.
[I 2026-08-25 10:08:02,272] Trial 46 finished with value: 0.5012701582259165 and parameters: {'n_estimators': 817, 'max_depth': 9, 'min_samples_leaf': 0.11868890381402504, 'lookback_seasons': 4}. Best is trial 40 with value: 0.5089454672901769.
[I 2026-08-25 10:08:04,071] Trial 47 finished with value: 0.5010263389097318 and parameters: {'n_estimators': 825, 'max_depth': 9, 'min_samples_leaf': 0.1201457317224617, 'lookback_seasons': 4}. Best is trial 40 with value: 0.5089454672901769.
[I 2026-08-25 10:08:04,327] Trial 41 finished with value: 0.5016724847542481 and parameters: {'n_estimators': 981, 'max_depth': 10, 'min_samples_leaf': 0.11552340036290053, 'lookback_seasons': 4}. Best is trial 40 with value: 0.5089454672901769.
[I 2026-08-25 10:08:04,349] Trial 48 finished with value: 0.5019134711613635 and parameters: {'n_estimators': 808, 'max_depth': 9, 'min_samples_leaf': 0.1098529006095352, 'lookback_seasons': 4}. Best is trial 40 with value: 0.5089454672901769.
