[I 2026-08-25 10:08:13,980] Trial 49 finished with value: 0.4943638391310429 and parameters: {'n_estimators': 812, 'max_depth': 9, 'min_samples_leaf': 0.11861609752694713, 'lookback_seasons': 3}. Best is trial 40 with value: 0.5089454672901769.
Successfully connected to the database!
[DONE] binary_spread_label: artifacts\binary_spread_label_rf_v2_20260825_150820.pkl
Running full analysis for binary_spread_label_rf...
Successfully connected to the database!
Added qid column with 336 unique season-week combinations
QID range: 0 to 335

  0%|          | 0/50 [00:00<?, ?it/s]Exception ignored in: <function Image.__del__ at 0x0000028C2F8DB380>
Traceback (most recent call last):
  File "C:\Users\OITCOPhamJ\AppData\Local\Programs\Python\Python312\Lib\tkinter\__init__.py", line 4119, in __del__
    self.tk.call('image', 'delete', self.name)
RuntimeError: main thread is not in main loop
Exception ignored in: <function Variable.__del__ at 0x0000028C49B99260>
Traceback (most recent call last):
  File "C:\Users\OITCOPhamJ\AppData\Local\Programs\Python\Python312\Lib\tkinter\__init__.py", line 414, in __del__
    if self._tk.getboolean(self._tk.call("info", "exists", self._name)):
                           ^^^^^^^^^^^^^^^^^^^^^^^^^^^^^^^^^^^^^^^^^^^
RuntimeError: main thread is not in main loop
Exception ignored in: <function Variable.__del__ at 0x0000028C49B99260>
Traceback (most recent call last):
  File "C:\Users\OITCOPhamJ\AppData\Local\Programs\Python\Python312\Lib\tkinter\__init__.py", line 414, in __del__
    if self._tk.getboolean(self._tk.call("info", "exists", self._name)):
                           ^^^^^^^^^^^^^^^^^^^^^^^^^^^^^^^^^^^^^^^^^^^
RuntimeError: main thread is not in main loop
Exception ignored in: <function Variable.__del__ at 0x0000028C49B99260>
Traceback (most recent call last):
  File "C:\Users\OITCOPhamJ\AppData\Local\Programs\Python\Python312\Lib\tkinter\__init__.py", line 414, in __del__
    if self._tk.getboolean(self._tk.call("info", "exists", self._name)):
                           ^^^^^^^^^^^^^^^^^^^^^^^^^^^^^^^^^^^^^^^^^^^
RuntimeError: main thread is not in main loop
Exception ignored in: <function Variable.__del__ at 0x0000028C49B99260>
Traceback (most recent call last):
  File "C:\Users\OITCOPhamJ\AppData\Local\Programs\Python\Python312\Lib\tkinter\__init__.py", line 414, in __del__
    if self._tk.getboolean(self._tk.call("info", "exists", self._name)):
                           ^^^^^^^^^^^^^^^^^^^^^^^^^^^^^^^^^^^^^^^^^^^
RuntimeError: main thread is not in main loop
Exception ignored in: <function Image.__del__ at 0x0000028C2F8DB380>
Traceback (most recent call last):
  File "C:\Users\OITCOPhamJ\AppData\Local\Programs\Python\Python312\Lib\tkinter\__init__.py", line 4119, in __del__
    self.tk.call('image', 'delete', self.name)
RuntimeError: main thread is not in main loop
Exception ignored in: <function Variable.__del__ at 0x0000028C49B99260>
Traceback (most recent call last):
  File "C:\Users\OITCOPhamJ\AppData\Local\Programs\Python\Python312\Lib\tkinter\__init__.py", line 414, in __del__
    if self._tk.getboolean(self._tk.call("info", "exists", self._name)):
                           ^^^^^^^^^^^^^^^^^^^^^^^^^^^^^^^^^^^^^^^^^^^
RuntimeError: main thread is not in main loop
Exception ignored in: <function Variable.__del__ at 0x0000028C49B99260>
Traceback (most recent call last):
  File "C:\Users\OITCOPhamJ\AppData\Local\Programs\Python\Python312\Lib\tkinter\__init__.py", line 414, in __del__
    if self._tk.getboolean(self._tk.call("info", "exists", self._name)):
                           ^^^^^^^^^^^^^^^^^^^^^^^^^^^^^^^^^^^^^^^^^^^
RuntimeError: main thread is not in main loop
Exception ignored in: <function Variable.__del__ at 0x0000028C49B99260>
Traceback (most recent call last):
  File "C:\Users\OITCOPhamJ\AppData\Local\Programs\Python\Python312\Lib\tkinter\__init__.py", line 414, in __del__
    if self._tk.getboolean(self._tk.call("info", "exists", self._name)):
                           ^^^^^^^^^^^^^^^^^^^^^^^^^^^^^^^^^^^^^^^^^^^
RuntimeError: main thread is not in main loop
Exception ignored in: <function Variable.__del__ at 0x0000028C49B99260>
Traceback (most recent call last):
  File "C:\Users\OITCOPhamJ\AppData\Local\Programs\Python\Python312\Lib\tkinter\__init__.py", line 414, in __del__
    if self._tk.getboolean(self._tk.call("info", "exists", self._name)):
                           ^^^^^^^^^^^^^^^^^^^^^^^^^^^^^^^^^^^^^^^^^^^
RuntimeError: main thread is not in main loop

                                      

  0%|          | 0/50 [01:53<?, ?it/s]
Best trial: 7. Best value: 0.514491:   0%|          | 0/50 [01:53<?, ?it/s]
Best trial: 7. Best value: 0.514491:   2%|2         | 1/50 [01:53<1:32:38, 113.45s/it]
                                                                                      

Best trial: 7. Best value: 0.514491:   2%|2         | 1/50 [02:05<1:32:38, 113.45s/it]
Best trial: 7. Best value: 0.514491:   2%|2         | 1/50 [02:05<1:32:38, 113.45s/it]
Best trial: 7. Best value: 0.514491:   4%|4         | 2/50 [02:05<43:06, 53.89s/it]   
                                                                                   

Best trial: 7. Best value: 0.514491:   4%|4         | 2/50 [02:12<43:06, 53.89s/it]
Best trial: 7. Best value: 0.514491:   4%|4         | 2/50 [02:12<43:06, 53.89s/it]
Best trial: 7. Best value: 0.514491:   6%|6         | 3/50 [02:12<25:31, 32.58s/it]
                                                                                   

Best trial: 7. Best value: 0.514491:   6%|6         | 3/50 [02:16<25:31, 32.58s/it]
Best trial: 7. Best value: 0.514491:   6%|6         | 3/50 [02:16<25:31, 32.58s/it]
Best trial: 7. Best value: 0.514491:   8%|8         | 4/50 [02:16<16:14, 21.19s/it]
                                                                                   

Best trial: 7. Best value: 0.514491:   8%|8         | 4/50 [02:17<16:14, 21.19s/it]
Best trial: 7. Best value: 0.514491:   8%|8         | 4/50 [02:17<16:14, 21.19s/it]
Best trial: 7. Best value: 0.514491:  10%|#         | 5/50 [02:17<10:26, 13.93s/it]
                                                                                   

Best trial: 7. Best value: 0.514491:  10%|#         | 5/50 [02:23<10:26, 13.93s/it]
Best trial: 7. Best value: 0.514491:  10%|#         | 5/50 [02:23<10:26, 13.93s/it]
Best trial: 7. Best value: 0.514491:  12%|#2        | 6/50 [02:23<08:08, 11.10s/it]
                                                                                   

Best trial: 7. Best value: 0.514491:  12%|#2        | 6/50 [03:06<08:08, 11.10s/it]
Best trial: 7. Best value: 0.514491:  12%|#2        | 6/50 [03:06<08:08, 11.10s/it]
Best trial: 7. Best value: 0.514491:  14%|#4        | 7/50 [03:06<15:34, 21.74s/it]
                                                                                   

Best trial: 7. Best value: 0.514491:  14%|#4        | 7/50 [03:09<15:34, 21.74s/it]
Best trial: 7. Best value: 0.514491:  14%|#4        | 7/50 [03:09<15:34, 21.74s/it]
Best trial: 7. Best value: 0.514491:  16%|#6        | 8/50 [03:09<10:51, 15.50s/it]
                                                                                   

Best trial: 7. Best value: 0.514491:  16%|#6        | 8/50 [03:09<10:51, 15.50s/it]
Best trial: 2. Best value: 0.515207:  16%|#6        | 8/50 [03:09<10:51, 15.50s/it]
                                                                                   

Best trial: 2. Best value: 0.515207:  18%|#8        | 9/50 [03:09<10:35, 15.50s/it]
Best trial: 2. Best value: 0.515207:  18%|#8        | 9/50 [03:09<10:35, 15.50s/it]
Best trial: 2. Best value: 0.515207:  20%|##        | 10/50 [03:09<05:29,  8.25s/it]
                                                                                    

Best trial: 2. Best value: 0.515207:  20%|##        | 10/50 [03:29<05:29,  8.25s/it]
Best trial: 2. Best value: 0.515207:  20%|##        | 10/50 [03:29<05:29,  8.25s/it]
Best trial: 2. Best value: 0.515207:  22%|##2       | 11/50 [03:29<07:15, 11.17s/it]
                                                                                    

Best trial: 2. Best value: 0.515207:  22%|##2       | 11/50 [05:10<07:15, 11.17s/it]
Best trial: 2. Best value: 0.515207:  22%|##2       | 11/50 [05:10<07:15, 11.17s/it]
Best trial: 2. Best value: 0.515207:  24%|##4       | 12/50 [05:10<22:10, 35.01s/it]
                                                                                    

Best trial: 2. Best value: 0.515207:  24%|##4       | 12/50 [05:34<22:10, 35.01s/it]
Best trial: 2. Best value: 0.515207:  24%|##4       | 12/50 [05:34<22:10, 35.01s/it]
Best trial: 2. Best value: 0.515207:  26%|##6       | 13/50 [05:34<19:49, 32.14s/it]
                                                                                    

Best trial: 2. Best value: 0.515207:  26%|##6       | 13/50 [06:00<19:49, 32.14s/it]
Best trial: 2. Best value: 0.515207:  26%|##6       | 13/50 [06:00<19:49, 32.14s/it]
Best trial: 2. Best value: 0.515207:  28%|##8       | 14/50 [06:00<18:15, 30.44s/it]
                                                                                    

Best trial: 2. Best value: 0.515207:  28%|##8       | 14/50 [06:27<18:15, 30.44s/it]
Best trial: 2. Best value: 0.515207:  28%|##8       | 14/50 [06:27<18:15, 30.44s/it]
Best trial: 2. Best value: 0.515207:  30%|###       | 15/50 [06:27<17:09, 29.41s/it]
                                                                                    

Best trial: 2. Best value: 0.515207:  30%|###       | 15/50 [06:32<17:09, 29.41s/it]
Best trial: 17. Best value: 0.516073:  30%|###       | 15/50 [06:32<17:09, 29.41s/it]
Best trial: 17. Best value: 0.516073:  32%|###2      | 16/50 [06:32<12:37, 22.27s/it]
                                                                                     

Best trial: 17. Best value: 0.516073:  32%|###2      | 16/50 [06:33<12:37, 22.27s/it]
Best trial: 17. Best value: 0.516073:  32%|###2      | 16/50 [06:33<12:37, 22.27s/it]
Best trial: 17. Best value: 0.516073:  34%|###4      | 17/50 [06:33<08:48, 16.00s/it]
                                                                                     

Best trial: 17. Best value: 0.516073:  34%|###4      | 17/50 [07:15<08:48, 16.00s/it]
Best trial: 17. Best value: 0.516073:  34%|###4      | 17/50 [07:15<08:48, 16.00s/it]
Best trial: 17. Best value: 0.516073:  36%|###6      | 18/50 [07:15<12:40, 23.77s/it]
                                                                                     

Best trial: 17. Best value: 0.516073:  36%|###6      | 18/50 [07:18<12:40, 23.77s/it]
Best trial: 18. Best value: 0.517666:  36%|###6      | 18/50 [07:19<12:40, 23.77s/it]
Best trial: 18. Best value: 0.517666:  38%|###8      | 19/50 [07:19<09:08, 17.70s/it]
                                                                                     

Best trial: 18. Best value: 0.517666:  38%|###8      | 19/50 [07:49<09:08, 17.70s/it]
Best trial: 18. Best value: 0.517666:  38%|###8      | 19/50 [07:49<09:08, 17.70s/it]
Best trial: 18. Best value: 0.517666:  40%|####      | 20/50 [07:49<10:43, 21.46s/it]
                                                                                     

Best trial: 18. Best value: 0.517666:  40%|####      | 20/50 [07:50<10:43, 21.46s/it]
Best trial: 18. Best value: 0.517666:  40%|####      | 20/50 [07:50<10:43, 21.46s/it]
Best trial: 18. Best value: 0.517666:  42%|####2     | 21/50 [07:50<07:24, 15.34s/it]
                                                                                     

Best trial: 18. Best value: 0.517666:  42%|####2     | 21/50 [07:59<07:24, 15.34s/it]
Best trial: 18. Best value: 0.517666:  42%|####2     | 21/50 [07:59<07:24, 15.34s/it]
Best trial: 18. Best value: 0.517666:  44%|####4     | 22/50 [07:59<06:19, 13.55s/it]
                                                                                     

Best trial: 18. Best value: 0.517666:  44%|####4     | 22/50 [08:37<06:19, 13.55s/it]
Best trial: 18. Best value: 0.517666:  44%|####4     | 22/50 [08:37<06:19, 13.55s/it]
Best trial: 18. Best value: 0.517666:  46%|####6     | 23/50 [08:37<09:23, 20.87s/it]
                                                                                     

Best trial: 18. Best value: 0.517666:  46%|####6     | 23/50 [09:01<09:23, 20.87s/it]
Best trial: 18. Best value: 0.517666:  46%|####6     | 23/50 [09:01<09:23, 20.87s/it]
Best trial: 18. Best value: 0.517666:  48%|####8     | 24/50 [09:01<09:23, 21.66s/it]
                                                                                     

Best trial: 18. Best value: 0.517666:  48%|####8     | 24/50 [09:09<09:23, 21.66s/it]
Best trial: 18. Best value: 0.517666:  48%|####8     | 24/50 [09:09<09:23, 21.66s/it]
Best trial: 18. Best value: 0.517666:  50%|#####     | 25/50 [09:09<07:21, 17.67s/it]
                                                                                     

Best trial: 18. Best value: 0.517666:  50%|#####     | 25/50 [09:11<07:21, 17.67s/it]
Best trial: 18. Best value: 0.517666:  50%|#####     | 25/50 [09:12<07:21, 17.67s/it]
Best trial: 18. Best value: 0.517666:  52%|#####2    | 26/50 [09:12<05:14, 13.10s/it]
                                                                                     

Best trial: 18. Best value: 0.517666:  52%|#####2    | 26/50 [09:49<05:14, 13.10s/it]
Best trial: 18. Best value: 0.517666:  52%|#####2    | 26/50 [09:49<05:14, 13.10s/it]
Best trial: 18. Best value: 0.517666:  54%|#####4    | 27/50 [09:49<07:48, 20.38s/it]
                                                                                     

Best trial: 18. Best value: 0.517666:  54%|#####4    | 27/50 [10:34<07:48, 20.38s/it]
Best trial: 18. Best value: 0.517666:  54%|#####4    | 27/50 [10:34<07:48, 20.38s/it]
Best trial: 18. Best value: 0.517666:  56%|#####6    | 28/50 [10:34<10:13, 27.91s/it]
                                                                                     

Best trial: 18. Best value: 0.517666:  56%|#####6    | 28/50 [10:50<10:13, 27.91s/it]
Best trial: 18. Best value: 0.517666:  56%|#####6    | 28/50 [10:50<10:13, 27.91s/it]
Best trial: 18. Best value: 0.517666:  58%|#####8    | 29/50 [10:50<08:28, 24.21s/it]
                                                                                     

Best trial: 18. Best value: 0.517666:  58%|#####8    | 29/50 [11:04<08:28, 24.21s/it]
Best trial: 18. Best value: 0.517666:  58%|#####8    | 29/50 [11:04<08:28, 24.21s/it]
Best trial: 18. Best value: 0.517666:  60%|######    | 30/50 [11:04<07:03, 21.19s/it]
                                                                                     

Best trial: 18. Best value: 0.517666:  60%|######    | 30/50 [11:09<07:03, 21.19s/it]
Best trial: 18. Best value: 0.517666:  60%|######    | 30/50 [11:09<07:03, 21.19s/it]
Best trial: 18. Best value: 0.517666:  62%|######2   | 31/50 [11:09<05:07, 16.20s/it]
                                                                                     

Best trial: 18. Best value: 0.517666:  62%|######2   | 31/50 [11:35<05:07, 16.20s/it]
Best trial: 18. Best value: 0.517666:  62%|######2   | 31/50 [11:35<05:07, 16.20s/it]
Best trial: 18. Best value: 0.517666:  64%|######4   | 32/50 [11:35<05:48, 19.37s/it]
                                                                                     

Best trial: 18. Best value: 0.517666:  64%|######4   | 32/50 [11:44<05:48, 19.37s/it]
Best trial: 18. Best value: 0.517666:  64%|######4   | 32/50 [11:44<05:48, 19.37s/it]
Best trial: 18. Best value: 0.517666:  66%|######6   | 33/50 [11:44<04:35, 16.20s/it]
                                                                                     
[I 2026-08-25 10:11:17,580] Trial 7 finished with value: 0.5144908359845279 and parameters: {'n_estimators': 226, 'max_depth': 8, 'min_samples_leaf': 0.0945587245486678, 'lookback_seasons': 4}. Best is trial 7 with value: 0.5144908359845279.
[I 2026-08-25 10:11:29,794] Trial 13 finished with value: 0.5066517958942038 and parameters: {'n_estimators': 257, 'max_depth': 10, 'min_samples_leaf': 0.15033155668388323, 'lookback_seasons': 5}. Best is trial 7 with value: 0.5144908359845279.
[I 2026-08-25 10:11:37,054] Trial 6 finished with value: 0.5014909705907339 and parameters: {'n_estimators': 279, 'max_depth': 3, 'min_samples_leaf': 0.1996448693014145, 'lookback_seasons': 3}. Best is trial 7 with value: 0.5144908359845279.
[I 2026-08-25 10:11:40,803] Trial 11 finished with value: 0.5049210684726729 and parameters: {'n_estimators': 301, 'max_depth': 6, 'min_samples_leaf': 0.15548153157370234, 'lookback_seasons': 3}. Best is trial 7 with value: 0.5144908359845279.
[I 2026-08-25 10:11:41,900] Trial 10 finished with value: 0.5029676712293452 and parameters: {'n_estimators': 304, 'max_depth': 4, 'min_samples_leaf': 0.09626331559799244, 'lookback_seasons': 3}. Best is trial 7 with value: 0.5144908359845279.
[I 2026-08-25 10:11:47,499] Trial 12 finished with value: 0.5047287385528456 and parameters: {'n_estimators': 318, 'max_depth': 6, 'min_samples_leaf': 0.06337978506279286, 'lookback_seasons': 2}. Best is trial 7 with value: 0.5144908359845279.
[I 2026-08-25 10:12:31,099] Trial 0 finished with value: 0.5064861157403768 and parameters: {'n_estimators': 426, 'max_depth': 7, 'min_samples_leaf': 0.12114242719812082, 'lookback_seasons': 5}. Best is trial 7 with value: 0.5144908359845279.
[I 2026-08-25 10:12:33,286] Trial 4 finished with value: 0.5058141967562383 and parameters: {'n_estimators': 421, 'max_depth': 10, 'min_samples_leaf': 0.08292057587524435, 'lookback_seasons': 5}. Best is trial 7 with value: 0.5144908359845279.
[I 2026-08-25 10:12:33,356] Trial 2 finished with value: 0.5152070886985474 and parameters: {'n_estimators': 419, 'max_depth': 6, 'min_samples_leaf': 0.08927114731843112, 'lookback_seasons': 4}. Best is trial 2 with value: 0.5152070886985474.
[I 2026-08-25 10:12:33,801] Trial 3 finished with value: 0.5067020720160114 and parameters: {'n_estimators': 441, 'max_depth': 4, 'min_samples_leaf': 0.14719788109154536, 'lookback_seasons': 2}. Best is trial 2 with value: 0.5152070886985474.
[I 2026-08-25 10:12:53,522] Trial 1 finished with value: 0.505829203266102 and parameters: {'n_estimators': 394, 'max_depth': 9, 'min_samples_leaf': 0.18418935559736913, 'lookback_seasons': 2}. Best is trial 2 with value: 0.5152070886985474.
[I 2026-08-25 10:14:34,285] Trial 14 finished with value: 0.49539655207554284 and parameters: {'n_estimators': 405, 'max_depth': 10, 'min_samples_leaf': 0.057366848119053314, 'lookback_seasons': 5}. Best is trial 2 with value: 0.5152070886985474.
[I 2026-08-25 10:14:58,870] Trial 22 finished with value: 0.5065635862393703 and parameters: {'n_estimators': 250, 'max_depth': 5, 'min_samples_leaf': 0.04470032484422323, 'lookback_seasons': 4}. Best is trial 2 with value: 0.5152070886985474.
[I 2026-08-25 10:15:25,008] Trial 5 finished with value: 0.5061504916912194 and parameters: {'n_estimators': 840, 'max_depth': 6, 'min_samples_leaf': 0.18003563675180825, 'lookback_seasons': 2}. Best is trial 2 with value: 0.5152070886985474.
[I 2026-08-25 10:15:51,888] Trial 8 finished with value: 0.4991975907181911 and parameters: {'n_estimators': 872, 'max_depth': 7, 'min_samples_leaf': 0.17821075076220988, 'lookback_seasons': 5}. Best is trial 2 with value: 0.5152070886985474.
[I 2026-08-25 10:15:56,737] Trial 17 finished with value: 0.5160731211820563 and parameters: {'n_estimators': 548, 'max_depth': 8, 'min_samples_leaf': 0.16531323963693967, 'lookback_seasons': 4}. Best is trial 17 with value: 0.5160731211820563.
[I 2026-08-25 10:15:57,664] Trial 9 finished with value: 0.5137730109468663 and parameters: {'n_estimators': 898, 'max_depth': 7, 'min_samples_leaf': 0.1701546952542574, 'lookback_seasons': 4}. Best is trial 17 with value: 0.5160731211820563.
[I 2026-08-25 10:16:40,017] Trial 27 finished with value: 0.5089335252523899 and parameters: {'n_estimators': 126, 'max_depth': 8, 'min_samples_leaf': 0.023417858062773383, 'lookback_seasons': 4}. Best is trial 17 with value: 0.5160731211820563.
[I 2026-08-25 10:16:43,172] Trial 18 finished with value: 0.5176662373632523 and parameters: {'n_estimators': 650, 'max_depth': 5, 'min_samples_leaf': 0.017955021898497348, 'lookback_seasons': 2}. Best is trial 18 with value: 0.5176662373632523.
[I 2026-08-25 10:17:13,609] Trial 28 finished with value: 0.5108463710317339 and parameters: {'n_estimators': 118, 'max_depth': 8, 'min_samples_leaf': 0.0124081682911992, 'lookback_seasons': 4}. Best is trial 18 with value: 0.5176662373632523.
[I 2026-08-25 10:17:14,614] Trial 19 finished with value: 0.504554700197561 and parameters: {'n_estimators': 699, 'max_depth': 9, 'min_samples_leaf': 0.12989962137808408, 'lookback_seasons': 3}. Best is trial 18 with value: 0.5176662373632523.
[I 2026-08-25 10:17:23,939] Trial 16 finished with value: 0.5076830844791964 and parameters: {'n_estimators': 763, 'max_depth': 8, 'min_samples_leaf': 0.11500559799822672, 'lookback_seasons': 3}. Best is trial 18 with value: 0.5176662373632523.
[I 2026-08-25 10:18:01,971] Trial 15 finished with value: 0.5085160301169721 and parameters: {'n_estimators': 894, 'max_depth': 5, 'min_samples_leaf': 0.10257608262862722, 'lookback_seasons': 2}. Best is trial 18 with value: 0.5176662373632523.
[I 2026-08-25 10:18:25,484] Trial 24 finished with value: 0.5119935604603288 and parameters: {'n_estimators': 701, 'max_depth': 8, 'min_samples_leaf': 0.014367055432511072, 'lookback_seasons': 4}. Best is trial 18 with value: 0.5176662373632523.
[I 2026-08-25 10:18:33,811] Trial 23 finished with value: 0.5064998105436945 and parameters: {'n_estimators': 782, 'max_depth': 8, 'min_samples_leaf': 0.02496257259880441, 'lookback_seasons': 4}. Best is trial 18 with value: 0.5176662373632523.
