[I 2026-08-25 09:51:08,975] A new study created in memory with name: no-name-3b1098a0-0ac4-4f10-bb63-0ba606ff66ef
Successfully connected to the database!
Added qid column with 336 unique season-week combinations
QID range: 0 to 335

  0%|          | 0/50 [00:00<?, ?it/s]
                                      

  0%|          | 0/50 [00:55<?, ?it/s]
Best trial: 9. Best value: 0.501392:   0%|          | 0/50 [00:55<?, ?it/s]
Best trial: 9. Best value: 0.501392:   2%|2         | 1/50 [00:55<44:57, 55.05s/it]
                                                                                   

Best trial: 9. Best value: 0.501392:   2%|2         | 1/50 [01:28<44:57, 55.05s/it]
Best trial: 2. Best value: 0.502523:   2%|2         | 1/50 [01:28<44:57, 55.05s/it]
Best trial: 2. Best value: 0.502523:   4%|4         | 2/50 [01:28<33:43, 42.15s/it]
                                                                                   

Best trial: 2. Best value: 0.502523:   4%|4         | 2/50 [01:31<33:43, 42.15s/it]
Best trial: 2. Best value: 0.502523:   4%|4         | 2/50 [01:31<33:43, 42.15s/it]
Best trial: 2. Best value: 0.502523:   6%|6         | 3/50 [01:31<19:07, 24.42s/it]
                                                                                   

Best trial: 2. Best value: 0.502523:   6%|6         | 3/50 [01:35<19:07, 24.42s/it]
Best trial: 2. Best value: 0.502523:   6%|6         | 3/50 [01:35<19:07, 24.42s/it]
Best trial: 2. Best value: 0.502523:   8%|8         | 4/50 [01:35<12:37, 16.46s/it]
                                                                                   

Best trial: 2. Best value: 0.502523:   8%|8         | 4/50 [02:29<12:37, 16.46s/it]
Best trial: 4. Best value: 0.502912:   8%|8         | 4/50 [02:29<12:37, 16.46s/it]
Best trial: 4. Best value: 0.502912:  10%|#         | 5/50 [02:29<22:17, 29.73s/it]
                                                                                   

Best trial: 4. Best value: 0.502912:  10%|#         | 5/50 [02:30<22:17, 29.73s/it]
Best trial: 4. Best value: 0.502912:  10%|#         | 5/50 [02:30<22:17, 29.73s/it]
Best trial: 4. Best value: 0.502912:  12%|#2        | 6/50 [02:30<14:44, 20.10s/it]
                                                                                   

Best trial: 4. Best value: 0.502912:  12%|#2        | 6/50 [02:50<14:44, 20.10s/it]
Best trial: 8. Best value: 0.503319:  12%|#2        | 6/50 [02:50<14:44, 20.10s/it]
Best trial: 8. Best value: 0.503319:  14%|#4        | 7/50 [02:50<14:26, 20.15s/it]
                                                                                   

Best trial: 8. Best value: 0.503319:  14%|#4        | 7/50 [03:18<14:26, 20.15s/it]
Best trial: 8. Best value: 0.503319:  14%|#4        | 7/50 [03:18<14:26, 20.15s/it]
Best trial: 8. Best value: 0.503319:  16%|#6        | 8/50 [03:18<15:51, 22.66s/it]
                                                                                   

Best trial: 8. Best value: 0.503319:  16%|#6        | 8/50 [04:03<15:51, 22.66s/it]
Best trial: 8. Best value: 0.503319:  16%|#6        | 8/50 [04:04<15:51, 22.66s/it]
Best trial: 8. Best value: 0.503319:  18%|#8        | 9/50 [04:04<20:20, 29.76s/it]
                                                                                   

Best trial: 8. Best value: 0.503319:  18%|#8        | 9/50 [04:44<20:20, 29.76s/it]
Best trial: 7. Best value: 0.506475:  18%|#8        | 9/50 [04:44<20:20, 29.76s/it]
Best trial: 7. Best value: 0.506475:  20%|##        | 10/50 [04:44<22:06, 33.16s/it]
                                                                                    

Best trial: 7. Best value: 0.506475:  20%|##        | 10/50 [04:59<22:06, 33.16s/it]
Best trial: 12. Best value: 0.508214:  20%|##        | 10/50 [04:59<22:06, 33.16s/it]
Best trial: 12. Best value: 0.508214:  22%|##2       | 11/50 [04:59<17:53, 27.52s/it]
                                                                                     

Best trial: 12. Best value: 0.508214:  22%|##2       | 11/50 [04:59<17:53, 27.52s/it]
Best trial: 12. Best value: 0.508214:  22%|##2       | 11/50 [04:59<17:53, 27.52s/it]
Best trial: 12. Best value: 0.508214:  24%|##4       | 12/50 [04:59<12:10, 19.22s/it]
                                                                                     

Best trial: 12. Best value: 0.508214:  24%|##4       | 12/50 [05:00<12:10, 19.22s/it]
Best trial: 12. Best value: 0.508214:  24%|##4       | 12/50 [05:00<12:10, 19.22s/it]
Best trial: 12. Best value: 0.508214:  26%|##6       | 13/50 [05:00<08:26, 13.68s/it]
                                                                                     

Best trial: 12. Best value: 0.508214:  26%|##6       | 13/50 [05:02<08:26, 13.68s/it]
Best trial: 12. Best value: 0.508214:  26%|##6       | 13/50 [05:02<08:26, 13.68s/it]
Best trial: 12. Best value: 0.508214:  28%|##8       | 14/50 [05:02<06:04, 10.14s/it]
                                                                                     

Best trial: 12. Best value: 0.508214:  28%|##8       | 14/50 [05:05<06:04, 10.14s/it]
Best trial: 12. Best value: 0.508214:  28%|##8       | 14/50 [05:05<06:04, 10.14s/it]
Best trial: 12. Best value: 0.508214:  30%|###       | 15/50 [05:05<04:35,  7.88s/it]
                                                                                     

Best trial: 12. Best value: 0.508214:  30%|###       | 15/50 [05:32<04:35,  7.88s/it]
Best trial: 12. Best value: 0.508214:  30%|###       | 15/50 [05:32<04:35,  7.88s/it]
Best trial: 12. Best value: 0.508214:  32%|###2      | 16/50 [05:32<07:44, 13.67s/it]
                                                                                     

Best trial: 12. Best value: 0.508214:  32%|###2      | 16/50 [05:33<07:44, 13.67s/it]
Best trial: 12. Best value: 0.508214:  32%|###2      | 16/50 [05:33<07:44, 13.67s/it]
Best trial: 12. Best value: 0.508214:  34%|###4      | 17/50 [05:33<05:21,  9.75s/it]
                                                                                     

Best trial: 12. Best value: 0.508214:  34%|###4      | 17/50 [05:40<05:21,  9.75s/it]
Best trial: 12. Best value: 0.508214:  34%|###4      | 17/50 [05:40<05:21,  9.75s/it]
Best trial: 12. Best value: 0.508214:  36%|###6      | 18/50 [05:40<04:47,  8.98s/it]
                                                                                     

Best trial: 12. Best value: 0.508214:  36%|###6      | 18/50 [05:54<04:47,  8.98s/it]
Best trial: 12. Best value: 0.508214:  36%|###6      | 18/50 [05:54<04:47,  8.98s/it]
Best trial: 12. Best value: 0.508214:  38%|###8      | 19/50 [05:54<05:25, 10.50s/it]
                                                                                     

Best trial: 12. Best value: 0.508214:  38%|###8      | 19/50 [06:05<05:25, 10.50s/it]
Best trial: 12. Best value: 0.508214:  38%|###8      | 19/50 [06:05<05:25, 10.50s/it]
Best trial: 12. Best value: 0.508214:  40%|####      | 20/50 [06:05<05:22, 10.75s/it]
                                                                                     

Best trial: 12. Best value: 0.508214:  40%|####      | 20/50 [06:06<05:22, 10.75s/it]
Best trial: 12. Best value: 0.508214:  40%|####      | 20/50 [06:06<05:22, 10.75s/it]
Best trial: 12. Best value: 0.508214:  42%|####2     | 21/50 [06:06<03:46,  7.80s/it]
                                                                                     

Best trial: 12. Best value: 0.508214:  42%|####2     | 21/50 [08:10<03:46,  7.80s/it]
Best trial: 12. Best value: 0.508214:  42%|####2     | 21/50 [08:10<03:46,  7.80s/it]
Best trial: 12. Best value: 0.508214:  44%|####4     | 22/50 [08:10<19:55, 42.71s/it]
                                                                                     

Best trial: 12. Best value: 0.508214:  44%|####4     | 22/50 [08:16<19:55, 42.71s/it]
Best trial: 12. Best value: 0.508214:  44%|####4     | 22/50 [08:16<19:55, 42.71s/it]
Best trial: 12. Best value: 0.508214:  46%|####6     | 23/50 [08:16<14:12, 31.59s/it]
                                                                                     

Best trial: 12. Best value: 0.508214:  46%|####6     | 23/50 [10:26<14:12, 31.59s/it]
Best trial: 12. Best value: 0.508214:  46%|####6     | 23/50 [10:26<14:12, 31.59s/it]
Best trial: 12. Best value: 0.508214:  48%|####8     | 24/50 [10:26<26:27, 61.07s/it]
                                                                                     

Best trial: 12. Best value: 0.508214:  48%|####8     | 24/50 [10:27<26:27, 61.07s/it]
Best trial: 12. Best value: 0.508214:  48%|####8     | 24/50 [10:27<26:27, 61.07s/it]
Best trial: 12. Best value: 0.508214:  50%|#####     | 25/50 [10:27<18:00, 43.22s/it]
                                                                                     

Best trial: 12. Best value: 0.508214:  50%|#####     | 25/50 [10:34<18:00, 43.22s/it]
Best trial: 12. Best value: 0.508214:  50%|#####     | 25/50 [10:34<18:00, 43.22s/it]
Best trial: 12. Best value: 0.508214:  52%|#####2    | 26/50 [10:34<12:52, 32.19s/it]
                                                                                     

Best trial: 12. Best value: 0.508214:  52%|#####2    | 26/50 [10:46<12:52, 32.19s/it]
Best trial: 12. Best value: 0.508214:  52%|#####2    | 26/50 [10:46<12:52, 32.19s/it]
Best trial: 12. Best value: 0.508214:  54%|#####4    | 27/50 [10:46<10:03, 26.26s/it]
                                                                                     

Best trial: 12. Best value: 0.508214:  54%|#####4    | 27/50 [10:55<10:03, 26.26s/it]
Best trial: 12. Best value: 0.508214:  54%|#####4    | 27/50 [10:55<10:03, 26.26s/it]
Best trial: 12. Best value: 0.508214:  56%|#####6    | 28/50 [10:55<07:40, 20.94s/it]
                                                                                     

Best trial: 12. Best value: 0.508214:  56%|#####6    | 28/50 [11:02<07:40, 20.94s/it]
Best trial: 12. Best value: 0.508214:  56%|#####6    | 28/50 [11:02<07:40, 20.94s/it]
Best trial: 12. Best value: 0.508214:  58%|#####8    | 29/50 [11:02<05:52, 16.78s/it]
                                                                                     

Best trial: 12. Best value: 0.508214:  58%|#####8    | 29/50 [11:03<05:52, 16.78s/it]
Best trial: 12. Best value: 0.508214:  58%|#####8    | 29/50 [11:03<05:52, 16.78s/it]
Best trial: 12. Best value: 0.508214:  60%|######    | 30/50 [11:03<04:01, 12.09s/it]
                                                                                     

Best trial: 12. Best value: 0.508214:  60%|######    | 30/50 [11:12<04:01, 12.09s/it]
Best trial: 12. Best value: 0.508214:  60%|######    | 30/50 [11:12<04:01, 12.09s/it]
Best trial: 12. Best value: 0.508214:  62%|######2   | 31/50 [11:12<03:34, 11.28s/it]
                                                                                     

Best trial: 12. Best value: 0.508214:  62%|######2   | 31/50 [11:14<03:34, 11.28s/it]
Best trial: 12. Best value: 0.508214:  62%|######2   | 31/50 [11:15<03:34, 11.28s/it]
Best trial: 12. Best value: 0.508214:  64%|######4   | 32/50 [11:15<02:34,  8.56s/it]
                                                                                     

Best trial: 12. Best value: 0.508214:  64%|######4   | 32/50 [11:40<02:34,  8.56s/it]
Best trial: 12. Best value: 0.508214:  64%|######4   | 32/50 [11:40<02:34,  8.56s/it]
Best trial: 12. Best value: 0.508214:  66%|######6   | 33/50 [11:40<03:54, 13.77s/it]
                                                                                     
[I 2026-08-25 09:52:04,015] Trial 9 finished with value: 0.5013917436433283 and parameters: {'n_estimators': 103, 'max_depth': 7, 'min_samples_leaf': 0.10118510232254095, 'lookback_seasons': 3}. Best is trial 9 with value: 0.5013917436433283.
[I 2026-08-25 09:52:37,132] Trial 2 finished with value: 0.5025226473003249 and parameters: {'n_estimators': 170, 'max_depth': 10, 'min_samples_leaf': 0.06026030632081485, 'lookback_seasons': 4}. Best is trial 2 with value: 0.5025226473003249.
[I 2026-08-25 09:52:40,399] Trial 3 finished with value: 0.49642942446841465 and parameters: {'n_estimators': 189, 'max_depth': 3, 'min_samples_leaf': 0.05360871323265674, 'lookback_seasons': 5}. Best is trial 2 with value: 0.5025226473003249.
[I 2026-08-25 09:52:44,693] Trial 10 finished with value: 0.49976489129875823 and parameters: {'n_estimators': 212, 'max_depth': 8, 'min_samples_leaf': 0.1901167139175822, 'lookback_seasons': 3}. Best is trial 2 with value: 0.5025226473003249.
[I 2026-08-25 09:53:37,971] Trial 4 finished with value: 0.5029120046301332 and parameters: {'n_estimators': 355, 'max_depth': 9, 'min_samples_leaf': 0.14136418090846248, 'lookback_seasons': 3}. Best is trial 4 with value: 0.5029120046301332.
[I 2026-08-25 09:53:39,249] Trial 16 finished with value: 0.49631187172182656 and parameters: {'n_estimators': 103, 'max_depth': 4, 'min_samples_leaf': 0.018471997971941302, 'lookback_seasons': 2}. Best is trial 4 with value: 0.5029120046301332.
[I 2026-08-25 09:53:59,626] Trial 8 finished with value: 0.5033194945652322 and parameters: {'n_estimators': 437, 'max_depth': 4, 'min_samples_leaf': 0.16925501775223414, 'lookback_seasons': 2}. Best is trial 8 with value: 0.5033194945652322.
[I 2026-08-25 09:54:27,562] Trial 0 finished with value: 0.502909290590711 and parameters: {'n_estimators': 495, 'max_depth': 3, 'min_samples_leaf': 0.08761936364283916, 'lookback_seasons': 5}. Best is trial 8 with value: 0.5033194945652322.
[I 2026-08-25 09:55:12,827] Trial 13 finished with value: 0.4903204542537817 and parameters: {'n_estimators': 618, 'max_depth': 5, 'min_samples_leaf': 0.057704340602867284, 'lookback_seasons': 2}. Best is trial 8 with value: 0.5033194945652322.
[I 2026-08-25 09:55:53,788] Trial 7 finished with value: 0.5064751004073796 and parameters: {'n_estimators': 730, 'max_depth': 5, 'min_samples_leaf': 0.16873797321268622, 'lookback_seasons': 2}. Best is trial 7 with value: 0.5064751004073796.
[I 2026-08-25 09:56:08,555] Trial 12 finished with value: 0.508213913391142 and parameters: {'n_estimators': 765, 'max_depth': 8, 'min_samples_leaf': 0.17808858011420944, 'lookback_seasons': 4}. Best is trial 12 with value: 0.508213913391142.
[I 2026-08-25 09:56:08,711] Trial 18 finished with value: 0.49629738229878556 and parameters: {'n_estimators': 348, 'max_depth': 6, 'min_samples_leaf': 0.1750243894445123, 'lookback_seasons': 5}. Best is trial 12 with value: 0.508213913391142.
[I 2026-08-25 09:56:09,628] Trial 5 finished with value: 0.49964380218630866 and parameters: {'n_estimators': 776, 'max_depth': 8, 'min_samples_leaf': 0.023558304263367927, 'lookback_seasons': 3}. Best is trial 12 with value: 0.508213913391142.
[I 2026-08-25 09:56:11,413] Trial 1 finished with value: 0.5012064307488874 and parameters: {'n_estimators': 778, 'max_depth': 8, 'min_samples_leaf': 0.19802110846235682, 'lookback_seasons': 5}. Best is trial 12 with value: 0.508213913391142.
[I 2026-08-25 09:56:14,275] Trial 15 finished with value: 0.5027494183821843 and parameters: {'n_estimators': 540, 'max_depth': 6, 'min_samples_leaf': 0.11966718108663173, 'lookback_seasons': 5}. Best is trial 12 with value: 0.508213913391142.
[I 2026-08-25 09:56:41,434] Trial 6 finished with value: 0.4959504032946107 and parameters: {'n_estimators': 871, 'max_depth': 6, 'min_samples_leaf': 0.07274074059814212, 'lookback_seasons': 2}. Best is trial 12 with value: 0.508213913391142.
[I 2026-08-25 09:56:42,059] Trial 14 finished with value: 0.50324911047596 and parameters: {'n_estimators': 686, 'max_depth': 4, 'min_samples_leaf': 0.054925109926460186, 'lookback_seasons': 5}. Best is trial 12 with value: 0.508213913391142.
[I 2026-08-25 09:56:49,227] Trial 11 finished with value: 0.5049516186464295 and parameters: {'n_estimators': 869, 'max_depth': 8, 'min_samples_leaf': 0.1545181204807016, 'lookback_seasons': 5}. Best is trial 12 with value: 0.508213913391142.
[I 2026-08-25 09:57:03,240] Trial 17 finished with value: 0.4968186419695041 and parameters: {'n_estimators': 629, 'max_depth': 7, 'min_samples_leaf': 0.022894183464250026, 'lookback_seasons': 5}. Best is trial 12 with value: 0.508213913391142.
[I 2026-08-25 09:57:14,527] Trial 19 finished with value: 0.4919912085462707 and parameters: {'n_estimators': 528, 'max_depth': 4, 'min_samples_leaf': 0.04662360351612266, 'lookback_seasons': 2}. Best is trial 12 with value: 0.508213913391142.
[I 2026-08-25 09:57:15,591] Trial 22 finished with value: 0.4986355762047662 and parameters: {'n_estimators': 273, 'max_depth': 9, 'min_samples_leaf': 0.1616217983702014, 'lookback_seasons': 5}. Best is trial 12 with value: 0.508213913391142.
[I 2026-08-25 09:59:19,701] Trial 20 finished with value: 0.4952830546996833 and parameters: {'n_estimators': 887, 'max_depth': 5, 'min_samples_leaf': 0.030240497236410487, 'lookback_seasons': 3}. Best is trial 12 with value: 0.508213913391142.
[I 2026-08-25 09:59:25,288] Trial 21 finished with value: 0.4931713304845216 and parameters: {'n_estimators': 835, 'max_depth': 9, 'min_samples_leaf': 0.057692457081247595, 'lookback_seasons': 2}. Best is trial 12 with value: 0.508213913391142.
[I 2026-08-25 10:01:35,172] Trial 26 finished with value: 0.5032598304757939 and parameters: {'n_estimators': 905, 'max_depth': 6, 'min_samples_leaf': 0.1425899046192649, 'lookback_seasons': 4}. Best is trial 12 with value: 0.508213913391142.
[I 2026-08-25 10:01:36,646] Trial 24 finished with value: 0.5044289649612148 and parameters: {'n_estimators': 934, 'max_depth': 6, 'min_samples_leaf': 0.14191356265629385, 'lookback_seasons': 4}. Best is trial 12 with value: 0.508213913391142.
[I 2026-08-25 10:01:43,148] Trial 23 finished with value: 0.5030776399095804 and parameters: {'n_estimators': 993, 'max_depth': 6, 'min_samples_leaf': 0.13648811736429045, 'lookback_seasons': 4}. Best is trial 12 with value: 0.508213913391142.
[I 2026-08-25 10:01:55,577] Trial 25 finished with value: 0.507273620483409 and parameters: {'n_estimators': 962, 'max_depth': 7, 'min_samples_leaf': 0.14130329823886345, 'lookback_seasons': 4}. Best is trial 12 with value: 0.508213913391142.
[I 2026-08-25 10:02:04,133] Trial 27 finished with value: 0.5076020740216758 and parameters: {'n_estimators': 981, 'max_depth': 10, 'min_samples_leaf': 0.1409784560487359, 'lookback_seasons': 4}. Best is trial 12 with value: 0.508213913391142.
[I 2026-08-25 10:02:11,108] Trial 28 finished with value: 0.5034858805353306 and parameters: {'n_estimators': 997, 'max_depth': 10, 'min_samples_leaf': 0.14944662367907927, 'lookback_seasons': 4}. Best is trial 12 with value: 0.508213913391142.
[I 2026-08-25 10:02:12,333] Trial 29 finished with value: 0.5047529648246807 and parameters: {'n_estimators': 934, 'max_depth': 10, 'min_samples_leaf': 0.14552642893597462, 'lookback_seasons': 4}. Best is trial 12 with value: 0.508213913391142.
[I 2026-08-25 10:02:21,715] Trial 31 finished with value: 0.505717144435468 and parameters: {'n_estimators': 938, 'max_depth': 10, 'min_samples_leaf': 0.1347835229278862, 'lookback_seasons': 4}. Best is trial 12 with value: 0.508213913391142.
[I 2026-08-25 10:02:23,962] Trial 30 finished with value: 0.5079867917385353 and parameters: {'n_estimators': 961, 'max_depth': 9, 'min_samples_leaf': 0.14317015568217592, 'lookback_seasons': 4}. Best is trial 12 with value: 0.508213913391142.
