[I 2026-08-25 10:18:36,102] Trial 21 finished with value: 0.5094445765732853 and parameters: {'n_estimators': 815, 'max_depth': 4, 'min_samples_leaf': 0.05260437349779542, 'lookback_seasons': 4}. Best is trial 18 with value: 0.5176662373632523.
[I 2026-08-25 10:19:13,633] Trial 20 finished with value: 0.5019573266536567 and parameters: {'n_estimators': 897, 'max_depth': 7, 'min_samples_leaf': 0.1117295078690186, 'lookback_seasons': 5}. Best is trial 18 with value: 0.5176662373632523.
[I 2026-08-25 10:19:59,077] Trial 25 finished with value: 0.5095155284596584 and parameters: {'n_estimators': 715, 'max_depth': 8, 'min_samples_leaf': 0.01487494750580251, 'lookback_seasons': 4}. Best is trial 18 with value: 0.5176662373632523.
[I 2026-08-25 10:20:14,593] Trial 26 finished with value: 0.5133261055556325 and parameters: {'n_estimators': 695, 'max_depth': 8, 'min_samples_leaf': 0.014431681532753579, 'lookback_seasons': 4}. Best is trial 18 with value: 0.5176662373632523.
[I 2026-08-25 10:20:28,847] Trial 29 finished with value: 0.5062256585744397 and parameters: {'n_estimators': 595, 'max_depth': 8, 'min_samples_leaf': 0.015127705016150794, 'lookback_seasons': 4}. Best is trial 18 with value: 0.5176662373632523.
[I 2026-08-25 10:20:33,294] Trial 30 finished with value: 0.508318162787991 and parameters: {'n_estimators': 601, 'max_depth': 8, 'min_samples_leaf': 0.010501028526192252, 'lookback_seasons': 4}. Best is trial 18 with value: 0.5176662373632523.
[I 2026-08-25 10:21:00,179] Trial 31 finished with value: 0.5067555724329378 and parameters: {'n_estimators': 608, 'max_depth': 8, 'min_samples_leaf': 0.12356426932036679, 'lookback_seasons': 4}. Best is trial 18 with value: 0.5176662373632523.
[I 2026-08-25 10:21:08,951] Trial 32 finished with value: 0.5124111959590362 and parameters: {'n_estimators': 625, 'max_depth': 3, 'min_samples_leaf': 0.013903161459397156, 'lookback_seasons': 3}. Best is trial 18 with value: 0.5176662373632523.

Best trial: 18. Best value: 0.517666:  66%|######6   | 33/50 [11:51<04:35, 16.20s/it]
Best trial: 18. Best value: 0.517666:  66%|######6   | 33/50 [11:51<04:35, 16.20s/it]
Best trial: 18. Best value: 0.517666:  68%|######8   | 34/50 [11:51<03:32, 13.26s/it]
                                                                                     

Best trial: 18. Best value: 0.517666:  68%|######8   | 34/50 [11:55<03:32, 13.26s/it]
Best trial: 18. Best value: 0.517666:  68%|######8   | 34/50 [11:55<03:32, 13.26s/it]
Best trial: 18. Best value: 0.517666:  70%|#######   | 35/50 [11:55<02:41, 10.74s/it]
                                                                                     

Best trial: 18. Best value: 0.517666:  70%|#######   | 35/50 [11:56<02:41, 10.74s/it]
Best trial: 18. Best value: 0.517666:  70%|#######   | 35/50 [11:56<02:41, 10.74s/it]
Best trial: 18. Best value: 0.517666:  72%|#######2  | 36/50 [11:56<01:46,  7.60s/it]
                                                                                     

Best trial: 18. Best value: 0.517666:  72%|#######2  | 36/50 [12:29<01:46,  7.60s/it]
Best trial: 18. Best value: 0.517666:  72%|#######2  | 36/50 [12:29<01:46,  7.60s/it]
Best trial: 18. Best value: 0.517666:  74%|#######4  | 37/50 [12:29<03:17, 15.17s/it]
                                                                                     

Best trial: 18. Best value: 0.517666:  74%|#######4  | 37/50 [12:32<03:17, 15.17s/it]
Best trial: 18. Best value: 0.517666:  74%|#######4  | 37/50 [12:32<03:17, 15.17s/it]
Best trial: 18. Best value: 0.517666:  76%|#######6  | 38/50 [12:32<02:21, 11.76s/it]
                                                                                     

Best trial: 18. Best value: 0.517666:  76%|#######6  | 38/50 [12:34<02:21, 11.76s/it]
Best trial: 18. Best value: 0.517666:  76%|#######6  | 38/50 [12:34<02:21, 11.76s/it]
Best trial: 18. Best value: 0.517666:  78%|#######8  | 39/50 [12:34<01:36,  8.80s/it]
                                                                                     

Best trial: 18. Best value: 0.517666:  78%|#######8  | 39/50 [12:35<01:36,  8.80s/it]
Best trial: 18. Best value: 0.517666:  78%|#######8  | 39/50 [12:35<01:36,  8.80s/it]
Best trial: 18. Best value: 0.517666:  80%|########  | 40/50 [12:35<01:04,  6.41s/it]
                                                                                     

Best trial: 18. Best value: 0.517666:  80%|########  | 40/50 [12:50<01:04,  6.41s/it]
Best trial: 18. Best value: 0.517666:  80%|########  | 40/50 [12:50<01:04,  6.41s/it]
Best trial: 18. Best value: 0.517666:  82%|########2 | 41/50 [12:50<01:21,  9.08s/it]
                                                                                     

Best trial: 18. Best value: 0.517666:  82%|########2 | 41/50 [13:02<01:21,  9.08s/it]
Best trial: 18. Best value: 0.517666:  82%|########2 | 41/50 [13:02<01:21,  9.08s/it]
Best trial: 18. Best value: 0.517666:  84%|########4 | 42/50 [13:02<01:18,  9.87s/it]
                                                                                     

Best trial: 18. Best value: 0.517666:  84%|########4 | 42/50 [13:12<01:18,  9.87s/it]
Best trial: 18. Best value: 0.517666:  84%|########4 | 42/50 [13:12<01:18,  9.87s/it]
Best trial: 18. Best value: 0.517666:  86%|########6 | 43/50 [13:12<01:08,  9.85s/it]
                                                                                     

Best trial: 18. Best value: 0.517666:  86%|########6 | 43/50 [13:12<01:08,  9.85s/it]
Best trial: 18. Best value: 0.517666:  86%|########6 | 43/50 [13:12<01:08,  9.85s/it]
                                                                                     

Best trial: 18. Best value: 0.517666:  88%|########8 | 44/50 [13:14<00:59,  9.85s/it]
Best trial: 18. Best value: 0.517666:  88%|########8 | 44/50 [13:14<00:59,  9.85s/it]
Best trial: 18. Best value: 0.517666:  90%|######### | 45/50 [13:14<00:29,  5.81s/it]
                                                                                     

Best trial: 18. Best value: 0.517666:  90%|######### | 45/50 [13:17<00:29,  5.81s/it]
Best trial: 18. Best value: 0.517666:  90%|######### | 45/50 [13:17<00:29,  5.81s/it]
Best trial: 18. Best value: 0.517666:  92%|#########2| 46/50 [13:17<00:20,  5.19s/it]
                                                                                     

Best trial: 18. Best value: 0.517666:  92%|#########2| 46/50 [13:20<00:20,  5.19s/it]
Best trial: 18. Best value: 0.517666:  92%|#########2| 46/50 [13:20<00:20,  5.19s/it]
Best trial: 18. Best value: 0.517666:  94%|#########3| 47/50 [13:20<00:13,  4.56s/it]
                                                                                     

Best trial: 18. Best value: 0.517666:  94%|#########3| 47/50 [13:20<00:13,  4.56s/it]
Best trial: 18. Best value: 0.517666:  94%|#########3| 47/50 [13:20<00:13,  4.56s/it]
                                                                                     

Best trial: 18. Best value: 0.517666:  96%|#########6| 48/50 [13:20<00:09,  4.56s/it]
Best trial: 18. Best value: 0.517666:  96%|#########6| 48/50 [13:20<00:09,  4.56s/it]
Best trial: 18. Best value: 0.517666:  98%|#########8| 49/50 [13:20<00:02,  2.63s/it]
                                                                                     

Best trial: 18. Best value: 0.517666:  98%|#########8| 49/50 [13:20<00:02,  2.63s/it]
Best trial: 18. Best value: 0.517666:  98%|#########8| 49/50 [13:20<00:02,  2.63s/it]
Best trial: 18. Best value: 0.517666: 100%|##########| 50/50 [13:20<00:00, 16.02s/it]
[I 2026-08-25 10:24:58,770] A new study created in memory with name: no-name-5fe5b317-5e21-436d-9805-e8a27cd10d16
[I 2026-08-25 10:21:15,298] Trial 34 finished with value: 0.5109389031096777 and parameters: {'n_estimators': 590, 'max_depth': 5, 'min_samples_leaf': 0.037022068471989744, 'lookback_seasons': 3}. Best is trial 18 with value: 0.5176662373632523.
[I 2026-08-25 10:21:20,220] Trial 35 finished with value: 0.5107020511194189 and parameters: {'n_estimators': 575, 'max_depth': 5, 'min_samples_leaf': 0.032276721025788935, 'lookback_seasons': 4}. Best is trial 18 with value: 0.5176662373632523.
[I 2026-08-25 10:21:20,522] Trial 33 finished with value: 0.5036675684755059 and parameters: {'n_estimators': 629, 'max_depth': 3, 'min_samples_leaf': 0.11533877908313396, 'lookback_seasons': 3}. Best is trial 18 with value: 0.5176662373632523.
[I 2026-08-25 10:21:53,360] Trial 36 finished with value: 0.5106922275861064 and parameters: {'n_estimators': 611, 'max_depth': 5, 'min_samples_leaf': 0.03619904180324798, 'lookback_seasons': 4}. Best is trial 18 with value: 0.5176662373632523.
[I 2026-08-25 10:21:57,112] Trial 37 finished with value: 0.5115990568828523 and parameters: {'n_estimators': 569, 'max_depth': 5, 'min_samples_leaf': 0.03641207950749349, 'lookback_seasons': 3}. Best is trial 18 with value: 0.5176662373632523.
[I 2026-08-25 10:21:59,042] Trial 38 finished with value: 0.5121639475007452 and parameters: {'n_estimators': 550, 'max_depth': 5, 'min_samples_leaf': 0.07387496274257158, 'lookback_seasons': 3}. Best is trial 18 with value: 0.5176662373632523.
[I 2026-08-25 10:21:59,882] Trial 39 finished with value: 0.5091753604698 and parameters: {'n_estimators': 558, 'max_depth': 5, 'min_samples_leaf': 0.07346376360456083, 'lookback_seasons': 3}. Best is trial 18 with value: 0.5176662373632523.
[I 2026-08-25 10:22:15,172] Trial 40 finished with value: 0.5091553479600484 and parameters: {'n_estimators': 566, 'max_depth': 5, 'min_samples_leaf': 0.07365772694145806, 'lookback_seasons': 3}. Best is trial 18 with value: 0.5176662373632523.
[I 2026-08-25 10:22:26,879] Trial 41 finished with value: 0.5094355711498748 and parameters: {'n_estimators': 552, 'max_depth': 5, 'min_samples_leaf': 0.07564670199262498, 'lookback_seasons': 3}. Best is trial 18 with value: 0.5176662373632523.
[I 2026-08-25 10:22:36,688] Trial 43 finished with value: 0.5070998425818203 and parameters: {'n_estimators': 533, 'max_depth': 5, 'min_samples_leaf': 0.0780125489189697, 'lookback_seasons': 3}. Best is trial 18 with value: 0.5176662373632523.
[I 2026-08-25 10:22:36,701] Trial 42 finished with value: 0.5091538046162162 and parameters: {'n_estimators': 595, 'max_depth': 5, 'min_samples_leaf': 0.07692407087660054, 'lookback_seasons': 3}. Best is trial 18 with value: 0.5176662373632523.
[I 2026-08-25 10:22:38,912] Trial 44 finished with value: 0.5020041508669113 and parameters: {'n_estimators': 545, 'max_depth': 5, 'min_samples_leaf': 0.1344046871280348, 'lookback_seasons': 3}. Best is trial 18 with value: 0.5176662373632523.
[I 2026-08-25 10:22:42,208] Trial 45 finished with value: 0.5074189309041456 and parameters: {'n_estimators': 509, 'max_depth': 5, 'min_samples_leaf': 0.07774533312251031, 'lookback_seasons': 3}. Best is trial 18 with value: 0.5176662373632523.
[I 2026-08-25 10:22:44,987] Trial 49 finished with value: 0.5068666343847967 and parameters: {'n_estimators': 477, 'max_depth': 9, 'min_samples_leaf': 0.0803616652395158, 'lookback_seasons': 2}. Best is trial 18 with value: 0.5176662373632523.
[I 2026-08-25 10:22:45,067] Trial 46 finished with value: 0.5076643910936103 and parameters: {'n_estimators': 523, 'max_depth': 5, 'min_samples_leaf': 0.076810573173727, 'lookback_seasons': 3}. Best is trial 18 with value: 0.5176662373632523.
[I 2026-08-25 10:22:45,111] Trial 47 finished with value: 0.5046909999374508 and parameters: {'n_estimators': 501, 'max_depth': 9, 'min_samples_leaf': 0.07878381343431183, 'lookback_seasons': 5}. Best is trial 18 with value: 0.5176662373632523.
[I 2026-08-25 10:22:45,194] Trial 48 finished with value: 0.5015075130267542 and parameters: {'n_estimators': 499, 'max_depth': 9, 'min_samples_leaf': 0.07484266288138013, 'lookback_seasons': 5}. Best is trial 18 with value: 0.5176662373632523.
Successfully connected to the database!
[DONE] binary_ou_label: artifacts\binary_ou_label_rf_v2_20260825_152251.pkl
Running full analysis for binary_ou_label_rf...
Successfully connected to the database!
Added qid column with 336 unique season-week combinations
QID range: 0 to 335

  0%|          | 0/50 [00:00<?, ?it/s]
                                      

  0%|          | 0/50 [03:56<?, ?it/s]
Best trial: 1. Best value: -13.2666:   0%|          | 0/50 [03:56<?, ?it/s]
Best trial: 1. Best value: -13.2666:   2%|2         | 1/50 [03:56<3:12:51, 236.15s/it]
                                                                                      

Best trial: 1. Best value: -13.2666:   2%|2         | 1/50 [05:01<3:12:51, 236.15s/it]
Best trial: 13. Best value: -13.0693:   2%|2         | 1/50 [05:01<3:12:51, 236.15s/it]
Best trial: 13. Best value: -13.0693:   4%|4         | 2/50 [05:01<1:48:42, 135.88s/it]
                                                                                       

Best trial: 13. Best value: -13.0693:   4%|4         | 2/50 [05:53<1:48:42, 135.88s/it]
Best trial: 13. Best value: -13.0693:   4%|4         | 2/50 [05:53<1:48:42, 135.88s/it]
Best trial: 13. Best value: -13.0693:   6%|6         | 3/50 [05:53<1:16:23, 97.52s/it] 
                                                                                      

Best trial: 13. Best value: -13.0693:   6%|6         | 3/50 [06:13<1:16:23, 97.52s/it]
Best trial: 13. Best value: -13.0693:   6%|6         | 3/50 [06:13<1:16:23, 97.52s/it]
Best trial: 13. Best value: -13.0693:   8%|8         | 4/50 [06:13<51:06, 66.67s/it]  
                                                                                    

Best trial: 13. Best value: -13.0693:   8%|8         | 4/50 [06:46<51:06, 66.67s/it]
Best trial: 13. Best value: -13.0693:   8%|8         | 4/50 [06:46<51:06, 66.67s/it]
Best trial: 13. Best value: -13.0693:  10%|#         | 5/50 [06:46<40:58, 54.63s/it]
                                                                                    

Best trial: 13. Best value: -13.0693:  10%|#         | 5/50 [07:27<40:58, 54.63s/it]
Best trial: 13. Best value: -13.0693:  10%|#         | 5/50 [07:27<40:58, 54.63s/it]
Best trial: 13. Best value: -13.0693:  12%|#2        | 6/50 [07:27<36:40, 50.02s/it]
                                                                                    

Best trial: 13. Best value: -13.0693:  12%|#2        | 6/50 [07:32<36:40, 50.02s/it]
Best trial: 13. Best value: -13.0693:  12%|#2        | 6/50 [07:32<36:40, 50.02s/it]
Best trial: 13. Best value: -13.0693:  14%|#4        | 7/50 [07:32<25:12, 35.17s/it]
                                                                                    

Best trial: 13. Best value: -13.0693:  14%|#4        | 7/50 [08:47<25:12, 35.17s/it]
Best trial: 13. Best value: -13.0693:  14%|#4        | 7/50 [08:47<25:12, 35.17s/it]
Best trial: 13. Best value: -13.0693:  16%|#6        | 8/50 [08:47<33:40, 48.11s/it]
                                                                                    

Best trial: 13. Best value: -13.0693:  16%|#6        | 8/50 [09:34<33:40, 48.11s/it]
Best trial: 13. Best value: -13.0693:  16%|#6        | 8/50 [09:34<33:40, 48.11s/it]
Best trial: 13. Best value: -13.0693:  18%|#8        | 9/50 [09:34<32:30, 47.57s/it]
                                                                                    

Best trial: 13. Best value: -13.0693:  18%|#8        | 9/50 [09:42<32:30, 47.57s/it]
Best trial: 13. Best value: -13.0693:  18%|#8        | 9/50 [09:42<32:30, 47.57s/it]
Best trial: 13. Best value: -13.0693:  20%|##        | 10/50 [09:42<23:31, 35.29s/it]
                                                                                     

Best trial: 13. Best value: -13.0693:  20%|##        | 10/50 [10:38<23:31, 35.29s/it]
Best trial: 13. Best value: -13.0693:  20%|##        | 10/50 [10:38<23:31, 35.29s/it]
Best trial: 13. Best value: -13.0693:  22%|##2       | 11/50 [10:38<27:04, 41.65s/it]
                                                                                     

Best trial: 13. Best value: -13.0693:  22%|##2       | 11/50 [11:16<27:04, 41.65s/it]
Best trial: 13. Best value: -13.0693:  22%|##2       | 11/50 [11:16<27:04, 41.65s/it]
Best trial: 13. Best value: -13.0693:  24%|##4       | 12/50 [11:16<25:46, 40.70s/it]
                                                                                     

Best trial: 13. Best value: -13.0693:  24%|##4       | 12/50 [12:28<25:46, 40.70s/it]
Best trial: 13. Best value: -13.0693:  24%|##4       | 12/50 [12:28<25:46, 40.70s/it]
Best trial: 13. Best value: -13.0693:  26%|##6       | 13/50 [12:28<30:50, 50.02s/it]
                                                                                     

Best trial: 13. Best value: -13.0693:  26%|##6       | 13/50 [12:36<30:50, 50.02s/it]
Best trial: 13. Best value: -13.0693:  26%|##6       | 13/50 [12:36<30:50, 50.02s/it]
Best trial: 13. Best value: -13.0693:  28%|##8       | 14/50 [12:36<22:30, 37.50s/it]
                                                                                     

Best trial: 13. Best value: -13.0693:  28%|##8       | 14/50 [12:40<22:30, 37.50s/it]
Best trial: 13. Best value: -13.0693:  28%|##8       | 14/50 [12:40<22:30, 37.50s/it]
Best trial: 13. Best value: -13.0693:  30%|###       | 15/50 [12:40<15:54, 27.26s/it]
                                                                                     

Best trial: 13. Best value: -13.0693:  30%|###       | 15/50 [14:33<15:54, 27.26s/it]
Best trial: 13. Best value: -13.0693:  30%|###       | 15/50 [14:33<15:54, 27.26s/it]
Best trial: 13. Best value: -13.0693:  32%|###2      | 16/50 [14:33<30:04, 53.08s/it]
                                                                                     

Best trial: 13. Best value: -13.0693:  32%|###2      | 16/50 [15:15<30:04, 53.08s/it]
Best trial: 13. Best value: -13.0693:  32%|###2      | 16/50 [15:15<30:04, 53.08s/it]
Best trial: 13. Best value: -13.0693:  34%|###4      | 17/50 [15:15<27:28, 49.96s/it]
                                                                                     

Best trial: 13. Best value: -13.0693:  34%|###4      | 17/50 [15:16<27:28, 49.96s/it]
Best trial: 13. Best value: -13.0693:  34%|###4      | 17/50 [15:16<27:28, 49.96s/it]
Best trial: 13. Best value: -13.0693:  36%|###6      | 18/50 [15:16<18:47, 35.22s/it]
                                                                                     

Best trial: 13. Best value: -13.0693:  36%|###6      | 18/50 [15:27<18:47, 35.22s/it]
Best trial: 13. Best value: -13.0693:  36%|###6      | 18/50 [15:27<18:47, 35.22s/it]
Best trial: 13. Best value: -13.0693:  38%|###8      | 19/50 [15:27<14:25, 27.92s/it]
                                                                                     

Best trial: 13. Best value: -13.0693:  38%|###8      | 19/50 [16:22<14:25, 27.92s/it]
Best trial: 13. Best value: -13.0693:  38%|###8      | 19/50 [16:22<14:25, 27.92s/it]
Best trial: 13. Best value: -13.0693:  40%|####      | 20/50 [16:22<17:57, 35.93s/it]
                                                                                     

Best trial: 13. Best value: -13.0693:  40%|####      | 20/50 [16:26<17:57, 35.93s/it]
Best trial: 26. Best value: -13.0652:  40%|####      | 20/50 [16:26<17:57, 35.93s/it]
Best trial: 26. Best value: -13.0652:  42%|####2     | 21/50 [16:26<12:47, 26.45s/it]
                                                                                     

Best trial: 26. Best value: -13.0652:  42%|####2     | 21/50 [16:39<12:47, 26.45s/it]
Best trial: 26. Best value: -13.0652:  42%|####2     | 21/50 [16:39<12:47, 26.45s/it]
Best trial: 26. Best value: -13.0652:  44%|####4     | 22/50 [16:39<10:28, 22.46s/it]
                                                                                     

Best trial: 26. Best value: -13.0652:  44%|####4     | 22/50 [17:02<10:28, 22.46s/it]
Best trial: 26. Best value: -13.0652:  44%|####4     | 22/50 [17:02<10:28, 22.46s/it]
Best trial: 26. Best value: -13.0652:  46%|####6     | 23/50 [17:02<10:03, 22.36s/it]
                                                                                     

Best trial: 26. Best value: -13.0652:  46%|####6     | 23/50 [17:02<10:03, 22.36s/it]
Best trial: 27. Best value: -13.0637:  46%|####6     | 23/50 [17:02<10:03, 22.36s/it]
Best trial: 27. Best value: -13.0637:  48%|####8     | 24/50 [17:02<06:48, 15.70s/it]
                                                                                     

Best trial: 27. Best value: -13.0637:  48%|####8     | 24/50 [17:19<06:48, 15.70s/it]
Best trial: 27. Best value: -13.0637:  48%|####8     | 24/50 [17:19<06:48, 15.70s/it]
Best trial: 27. Best value: -13.0637:  50%|#####     | 25/50 [17:19<06:46, 16.26s/it]
                                                                                     

Best trial: 27. Best value: -13.0637:  50%|#####     | 25/50 [17:53<06:46, 16.26s/it]
Best trial: 27. Best value: -13.0637:  50%|#####     | 25/50 [17:53<06:46, 16.26s/it]
Best trial: 27. Best value: -13.0637:  52%|#####2    | 26/50 [17:53<08:34, 21.44s/it]
                                                                                     

Best trial: 27. Best value: -13.0637:  52%|#####2    | 26/50 [19:09<08:34, 21.44s/it]
Best trial: 29. Best value: -13.063:  52%|#####2    | 26/50 [19:09<08:34, 21.44s/it] 
Best trial: 29. Best value: -13.063:  54%|#####4    | 27/50 [19:09<14:28, 37.74s/it]
                                                                                    

Best trial: 29. Best value: -13.063:  54%|#####4    | 27/50 [19:46<14:28, 37.74s/it]
Best trial: 29. Best value: -13.063:  54%|#####4    | 27/50 [19:46<14:28, 37.74s/it]
Best trial: 29. Best value: -13.063:  56%|#####6    | 28/50 [19:46<13:47, 37.63s/it]
                                                                                    

Best trial: 29. Best value: -13.063:  56%|#####6    | 28/50 [20:25<13:47, 37.63s/it]
Best trial: 32. Best value: -13.0614:  56%|#####6    | 28/50 [20:25<13:47, 37.63s/it]
